
> xainik@0.1.0 typecheck
> tsc --noEmit

scripts/billing-uat-focus.ts(67,79): error TS2769: No overload matches this call.
  Overload 1 of 2, '(values: { amount_cents: number; archived_at?: string | null; created_at?: string | null; event_type: string; id?: string; metadata?: Json; original_id: string; razorpay_payment_id?: string | null; user_id: string; }, options?: { ...; } | undefined): PostgrestFilterBuilder<...>', gave the following error.
    Argument of type '{ event_id: string; payment_id: string; event_type: string; event_data: { payment: { entity: { id: string; amount: number; currency: string; }; }; order: { entity: { notes: { type: string; plan_id: string; name: string; email: string; }; }; }; }; created_at: string; archived_at: string; }' is not assignable to parameter of type '{ amount_cents: number; archived_at?: string | null; created_at?: string | null; event_type: string; id?: string; metadata?: Json; original_id: string; razorpay_payment_id?: string | null; user_id: string; }'.
      Type '{ event_id: string; payment_id: string; event_type: string; event_data: { payment: { entity: { id: string; amount: number; currency: string; }; }; order: { entity: { notes: { type: string; plan_id: string; name: string; email: string; }; }; }; }; created_at: string; archived_at: string; }' is missing the following properties from type '{ amount_cents: number; archived_at?: string | null; created_at?: string | null; event_type: string; id?: string; metadata?: Json; original_id: string; razorpay_payment_id?: string | null; user_id: string; }': amount_cents, original_id, user_id
  Overload 2 of 2, '(values: { amount_cents: number; archived_at?: string | null; created_at?: string | null; event_type: string; id?: string; metadata?: Json; original_id: string; razorpay_payment_id?: string | null; user_id: string; }[], options?: { ...; } | undefined): PostgrestFilterBuilder<...>', gave the following error.
    Argument of type '{ event_id: string; payment_id: string; event_type: string; event_data: { payment: { entity: { id: string; amount: number; currency: string; }; }; order: { entity: { notes: { type: string; plan_id: string; name: string; email: string; }; }; }; }; created_at: string; archived_at: string; }' is not assignable to parameter of type '{ amount_cents: number; archived_at?: string | null; created_at?: string | null; event_type: string; id?: string; metadata?: Json; original_id: string; razorpay_payment_id?: string | null; user_id: string; }[]'.
      Type '{ event_id: string; payment_id: string; event_type: string; event_data: { payment: { entity: { id: string; amount: number; currency: string; }; }; order: { entity: { notes: { type: string; plan_id: string; name: string; email: string; }; }; }; }; created_at: string; archived_at: string; }' is missing the following properties from type '{ amount_cents: number; archived_at?: string | null; created_at?: string | null; event_type: string; id?: string; metadata?: Json; original_id: string; razorpay_payment_id?: string | null; user_id: string; }[]': length, pop, push, concat, and 29 more.
scripts/check-billing-data.ts(19,49): error TS2339: Property 'event_id' does not exist on type '{ amount_cents: number; archived_at: string | null; created_at: string | null; event_type: string; id: string; metadata: Json; original_id: string; razorpay_payment_id: string | null; user_id: string; }'.
scripts/check-billing-data.ts(19,69): error TS2339: Property 'payment_id' does not exist on type '{ amount_cents: number; archived_at: string | null; created_at: string | null; event_type: string; id: string; metadata: Json; original_id: string; razorpay_payment_id: string | null; user_id: string; }'.
scripts/check-billing-data.ts(55,85): error TS2339: Property 'activity_data' does not exist on type '{ activity_type: string; created_at: string | null; id: string; metadata: Json; user_id: string; }'.
scripts/debug-webhook.ts(37,15): error TS2769: No overload matches this call.
  Overload 1 of 2, '(values: { amount_cents: number; archived_at?: string | null; created_at?: string | null; event_type: string; id?: string; metadata?: Json; original_id: string; razorpay_payment_id?: string | null; user_id: string; }, options?: { ...; } | undefined): PostgrestFilterBuilder<...>', gave the following error.
    Argument of type '{ event_id: string; event_type: string; payment_id: string; event_data: { test: boolean; timestamp: string; amount_cents: number; currency: string; status: string; payment_method: string; }; created_at: string; }' is not assignable to parameter of type '{ amount_cents: number; archived_at?: string | null; created_at?: string | null; event_type: string; id?: string; metadata?: Json; original_id: string; razorpay_payment_id?: string | null; user_id: string; }'.
      Type '{ event_id: string; event_type: string; payment_id: string; event_data: { test: boolean; timestamp: string; amount_cents: number; currency: string; status: string; payment_method: string; }; created_at: string; }' is missing the following properties from type '{ amount_cents: number; archived_at?: string | null; created_at?: string | null; event_type: string; id?: string; metadata?: Json; original_id: string; razorpay_payment_id?: string | null; user_id: string; }': amount_cents, original_id, user_id
  Overload 2 of 2, '(values: { amount_cents: number; archived_at?: string | null; created_at?: string | null; event_type: string; id?: string; metadata?: Json; original_id: string; razorpay_payment_id?: string | null; user_id: string; }[], options?: { ...; } | undefined): PostgrestFilterBuilder<...>', gave the following error.
    Argument of type '{ event_id: string; event_type: string; payment_id: string; event_data: { test: boolean; timestamp: string; amount_cents: number; currency: string; status: string; payment_method: string; }; created_at: string; }' is not assignable to parameter of type '{ amount_cents: number; archived_at?: string | null; created_at?: string | null; event_type: string; id?: string; metadata?: Json; original_id: string; razorpay_payment_id?: string | null; user_id: string; }[]'.
      Type '{ event_id: string; event_type: string; payment_id: string; event_data: { test: boolean; timestamp: string; amount_cents: number; currency: string; status: string; payment_method: string; }; created_at: string; }' is missing the following properties from type '{ amount_cents: number; archived_at?: string | null; created_at?: string | null; event_type: string; id?: string; metadata?: Json; original_id: string; razorpay_payment_id?: string | null; user_id: string; }[]': length, pop, push, concat, and 29 more.
scripts/test-webhook-simple.ts(13,44): error TS2554: Expected 1 arguments, but got 2.
scripts/test-webhook-simple.ts(22,13): error TS2339: Property 'generateServiceInvoice' does not exist on type 'typeof import("/Users/projectsbylaksh/Desktop/Xainik-site/xainik/src/lib/billing/invoices")'.
scripts/test-webhook-simple.ts(46,7): error TS2353: Object literal may only specify known properties, and 'paymentEventId' does not exist in type 'CreateReceiptData'.
src/app/api/cron/expire/route.ts(75,9): error TS2353: Object literal may only specify known properties, and 'metadata' does not exist in type '{ user_id: string; activity_type: string; activity_data?: Record<string, any>; }'.
src/app/api/recruiter/saved-filters/[id]/route.ts(33,13): error TS2769: No overload matches this call.
  Overload 1 of 2, '(relation: "donations" | "email_logs" | "users" | "endorsements" | "invoices" | "service_plans" | "user_subscriptions" | "migration_audit" | "numbering_state" | "payment_events" | ... 10 more ... | "user_profiles"): PostgrestQueryBuilder<...>', gave the following error.
    Argument of type '"recruiter_saved_filters"' is not assignable to parameter of type '"donations" | "email_logs" | "users" | "endorsements" | "invoices" | "service_plans" | "user_subscriptions" | "migration_audit" | "numbering_state" | "payment_events" | "payment_events_archive" | ... 9 more ... | "user_profiles"'.
  Overload 2 of 2, '(relation: never): PostgrestQueryBuilder<{ Tables: { donations: { Row: { amount_cents: number; created_at: string; currency: string; id: string; is_anonymous: boolean; razorpay_payment_id: string | null; user_id: string | null; }; Insert: { ...; }; Update: { ...; }; Relationships: []; }; ... 19 more ...; users: { ...; }; }; Views: {}; Functions: {}; Enums: {}; CompositeTypes: {}; }, never, never, never>', gave the following error.
    Argument of type '"recruiter_saved_filters"' is not assignable to parameter of type 'never'.
src/app/api/recruiter/saved-filters/route.ts(28,13): error TS2769: No overload matches this call.
  Overload 1 of 2, '(relation: "donations" | "email_logs" | "users" | "endorsements" | "invoices" | "service_plans" | "user_subscriptions" | "migration_audit" | "numbering_state" | "payment_events" | ... 10 more ... | "user_profiles"): PostgrestQueryBuilder<...>', gave the following error.
    Argument of type '"recruiter_saved_filters"' is not assignable to parameter of type '"donations" | "email_logs" | "users" | "endorsements" | "invoices" | "service_plans" | "user_subscriptions" | "migration_audit" | "numbering_state" | "payment_events" | "payment_events_archive" | ... 9 more ... | "user_profiles"'.
  Overload 2 of 2, '(relation: never): PostgrestQueryBuilder<{ Tables: { donations: { Row: { amount_cents: number; created_at: string; currency: string; id: string; is_anonymous: boolean; razorpay_payment_id: string | null; user_id: string | null; }; Insert: { ...; }; Update: { ...; }; Relationships: []; }; ... 19 more ...; users: { ...; }; }; Views: {}; Functions: {}; Enums: {}; CompositeTypes: {}; }, never, never, never>', gave the following error.
    Argument of type '"recruiter_saved_filters"' is not assignable to parameter of type 'never'.
src/app/api/recruiter/saved-filters/route.ts(73,13): error TS2769: No overload matches this call.
  Overload 1 of 2, '(relation: "donations" | "email_logs" | "users" | "endorsements" | "invoices" | "service_plans" | "user_subscriptions" | "migration_audit" | "numbering_state" | "payment_events" | ... 10 more ... | "user_profiles"): PostgrestQueryBuilder<...>', gave the following error.
    Argument of type '"recruiter_saved_filters"' is not assignable to parameter of type '"donations" | "email_logs" | "users" | "endorsements" | "invoices" | "service_plans" | "user_subscriptions" | "migration_audit" | "numbering_state" | "payment_events" | "payment_events_archive" | ... 9 more ... | "user_profiles"'.
  Overload 2 of 2, '(relation: never): PostgrestQueryBuilder<{ Tables: { donations: { Row: { amount_cents: number; created_at: string; currency: string; id: string; is_anonymous: boolean; razorpay_payment_id: string | null; user_id: string | null; }; Insert: { ...; }; Update: { ...; }; Relationships: []; }; ... 19 more ...; users: { ...; }; }; Views: {}; Functions: {}; Enums: {}; CompositeTypes: {}; }, never, never, never>', gave the following error.
    Argument of type '"recruiter_saved_filters"' is not assignable to parameter of type 'never'.
src/app/api/recruiter/saved-filters/route.ts(75,9): error TS2769: No overload matches this call.
  Overload 1 of 2, '(values: { amount_cents: number; created_at?: string; currency?: string; id?: string; is_anonymous?: boolean; razorpay_payment_id?: string | null; user_id?: string | null; } | { content?: string | null; ... 7 more ...; user_id?: string | null; } | ... 18 more ... | { ...; }, options?: { ...; } | undefined): PostgrestFilterBuilder<...>', gave the following error.
    Object literal may only specify known properties, and 'recruiter_id' does not exist in type '{ amount_cents: number; created_at?: string; currency?: string; id?: string; is_anonymous?: boolean; razorpay_payment_id?: string | null; user_id?: string | null; } | { content?: string | null; ... 7 more ...; user_id?: string | null; } | ... 18 more ... | { ...; }'.
  Overload 2 of 2, '(values: ({ amount_cents: number; created_at?: string; currency?: string; id?: string; is_anonymous?: boolean; razorpay_payment_id?: string | null; user_id?: string | null; } | { content?: string | null; ... 7 more ...; user_id?: string | null; } | ... 18 more ... | { ...; })[], options?: { ...; } | undefined): PostgrestFilterBuilder<...>', gave the following error.
    Object literal may only specify known properties, and 'recruiter_id' does not exist in type '({ amount_cents: number; created_at?: string; currency?: string; id?: string; is_anonymous?: boolean; razorpay_payment_id?: string | null; user_id?: string | null; } | { content?: string | null; ... 7 more ...; user_id?: string | null; } | ... 18 more ... | { ...; })[]'.
src/app/dashboard/recruiter/page.tsx(37,15): error TS2769: No overload matches this call.
  Overload 1 of 2, '(relation: "donations" | "email_logs" | "users" | "endorsements" | "invoices" | "service_plans" | "user_subscriptions" | "migration_audit" | "numbering_state" | "payment_events" | ... 10 more ... | "user_profiles"): PostgrestQueryBuilder<...>', gave the following error.
    Argument of type '"recruiter_saved_filters"' is not assignable to parameter of type '"donations" | "email_logs" | "users" | "endorsements" | "invoices" | "service_plans" | "user_subscriptions" | "migration_audit" | "numbering_state" | "payment_events" | "payment_events_archive" | ... 9 more ... | "user_profiles"'.
  Overload 2 of 2, '(relation: never): PostgrestQueryBuilder<{ Tables: { donations: { Row: { amount_cents: number; created_at: string; currency: string; id: string; is_anonymous: boolean; razorpay_payment_id: string | null; user_id: string | null; }; Insert: { ...; }; Update: { ...; }; Relationships: []; }; ... 19 more ...; users: { ...; }; }; Views: {}; Functions: {}; Enums: {}; CompositeTypes: {}; }, never, never, never>', gave the following error.
    Argument of type '"recruiter_saved_filters"' is not assignable to parameter of type 'never'.
src/app/dashboard/veteran/page.tsx(248,57): error TS2339: Property 'suggestions' does not exist on type 'any[]'.
src/app/dashboard/veteran/page.tsx(264,56): error TS2339: Property 'lowViews' does not exist on type 'any[]'.
src/app/dashboard/veteran/page.tsx(270,56): error TS2339: Property 'lowConversions' does not exist on type 'any[]'.
src/app/dashboard/veteran/page.tsx(276,57): error TS2339: Property 'lowViews' does not exist on type 'any[]'.
src/app/dashboard/veteran/page.tsx(276,102): error TS2339: Property 'lowConversions' does not exist on type 'any[]'.
src/app/dashboard/veteran/page.tsx(378,19): error TS2739: Type 'any[]' is missing the following properties from type '{ suggestions: any[]; lowViews: any[]; lowConversions: any[]; }': suggestions, lowViews, lowConversions
src/app/pitch/[id]/edit/page.tsx(197,29): error TS18047: 'pitch' is possibly 'null'.
src/app/pitch/[id]/edit/page.tsx(197,35): error TS2339: Property 'plan_expires_at' does not exist on type '{ created_at: string | null; experience_years: number | null; id: string; linkedin_url: string | null; pitch_text: string; resume_url: string | null; skills: string[] | null; title: string; updated_at: string | null; user_id: string; }'.
src/app/shortlist/page.tsx(28,11): error TS2769: No overload matches this call.
  Overload 1 of 2, '(relation: "users" | "user_profiles" | "pitches" | "endorsements" | "referrals" | "resume_requests" | "service_plans" | "user_subscriptions" | "invoices" | "receipts" | "payment_events" | ... 9 more ... | "shared_pitches"): PostgrestQueryBuilder<...>', gave the following error.
    Argument of type '"shortlist"' is not assignable to parameter of type '"users" | "user_profiles" | "pitches" | "endorsements" | "referrals" | "resume_requests" | "service_plans" | "user_subscriptions" | "invoices" | "receipts" | "payment_events" | ... 9 more ... | "shared_pitches"'.
  Overload 2 of 2, '(relation: never): PostgrestQueryBuilder<{ Tables: { donations: { Row: { amount_cents: number; created_at: string; currency: string; id: string; is_anonymous: boolean; razorpay_payment_id: string | null; user_id: string | null; }; Insert: { ...; }; Update: { ...; }; Relationships: []; }; ... 19 more ...; users: { ...; }; }; Views: {}; Functions: {}; Enums: {}; CompositeTypes: {}; }, never, never, never>', gave the following error.
    Argument of type '"shortlist"' is not assignable to parameter of type 'never'.
src/components/EndorsementsList.tsx(102,9): error TS2353: Object literal may only specify known properties, and 'metadata' does not exist in type '{ user_id: string; activity_type: string; activity_data?: Record<string, any>; }'.
src/components/LiveActivityTicker.tsx(22,23): error TS2345: Argument of type '{ id: any; display_text: string; }[]' is not assignable to parameter of type 'SetStateAction<ActivityEvent[]>'.
  Type '{ id: any; display_text: string; }[]' is not assignable to type 'ActivityEvent[]'.
    Type '{ id: any; display_text: string; }' is missing the following properties from type 'ActivityEvent': event, meta, created_at
src/components/NotificationBell.tsx(68,15): error TS2769: No overload matches this call.
  Overload 1 of 2, '(relation: "donations" | "email_logs" | "users" | "endorsements" | "invoices" | "service_plans" | "user_subscriptions" | "migration_audit" | "numbering_state" | "payment_events" | ... 10 more ... | "user_profiles"): PostgrestQueryBuilder<...>', gave the following error.
    Argument of type '"notifications"' is not assignable to parameter of type '"donations" | "email_logs" | "users" | "endorsements" | "invoices" | "service_plans" | "user_subscriptions" | "migration_audit" | "numbering_state" | "payment_events" | "payment_events_archive" | ... 9 more ... | "user_profiles"'.
  Overload 2 of 2, '(relation: never): PostgrestQueryBuilder<{ Tables: { donations: { Row: { amount_cents: number; created_at: string; currency: string; id: string; is_anonymous: boolean; razorpay_payment_id: string | null; user_id: string | null; }; Insert: { ...; }; Update: { ...; }; Relationships: []; }; ... 19 more ...; users: { ...; }; }; Views: {}; Functions: {}; Enums: {}; CompositeTypes: {}; }, never, never, never>', gave the following error.
    Argument of type '"notifications"' is not assignable to parameter of type 'never'.
src/components/NotificationBell.tsx(90,15): error TS2769: No overload matches this call.
  Overload 1 of 2, '(relation: "donations" | "email_logs" | "users" | "endorsements" | "invoices" | "service_plans" | "user_subscriptions" | "migration_audit" | "numbering_state" | "payment_events" | ... 10 more ... | "user_profiles"): PostgrestQueryBuilder<...>', gave the following error.
    Argument of type '"notifications"' is not assignable to parameter of type '"donations" | "email_logs" | "users" | "endorsements" | "invoices" | "service_plans" | "user_subscriptions" | "migration_audit" | "numbering_state" | "payment_events" | "payment_events_archive" | ... 9 more ... | "user_profiles"'.
  Overload 2 of 2, '(relation: never): PostgrestQueryBuilder<{ Tables: { donations: { Row: { amount_cents: number; created_at: string; currency: string; id: string; is_anonymous: boolean; razorpay_payment_id: string | null; user_id: string | null; }; Insert: { ...; }; Update: { ...; }; Relationships: []; }; ... 19 more ...; users: { ...; }; }; Views: {}; Functions: {}; Enums: {}; CompositeTypes: {}; }, never, never, never>', gave the following error.
    Argument of type '"notifications"' is not assignable to parameter of type 'never'.
src/components/NotificationBell.tsx(91,19): error TS2353: Object literal may only specify known properties, and 'read_at' does not exist in type '{ amount_cents?: number; created_at?: string; currency?: string; id?: string; is_anonymous?: boolean; razorpay_payment_id?: string | null; user_id?: string | null; } | { content?: string | null; ... 7 more ...; user_id?: string | null; } | ... 18 more ... | { ...; }'.
src/components/NotificationBell.tsx(116,15): error TS2769: No overload matches this call.
  Overload 1 of 2, '(relation: "donations" | "email_logs" | "users" | "endorsements" | "invoices" | "service_plans" | "user_subscriptions" | "migration_audit" | "numbering_state" | "payment_events" | ... 10 more ... | "user_profiles"): PostgrestQueryBuilder<...>', gave the following error.
    Argument of type '"notifications"' is not assignable to parameter of type '"donations" | "email_logs" | "users" | "endorsements" | "invoices" | "service_plans" | "user_subscriptions" | "migration_audit" | "numbering_state" | "payment_events" | "payment_events_archive" | ... 9 more ... | "user_profiles"'.
  Overload 2 of 2, '(relation: never): PostgrestQueryBuilder<{ Tables: { donations: { Row: { amount_cents: number; created_at: string; currency: string; id: string; is_anonymous: boolean; razorpay_payment_id: string | null; user_id: string | null; }; Insert: { ...; }; Update: { ...; }; Relationships: []; }; ... 19 more ...; users: { ...; }; }; Views: {}; Functions: {}; Enums: {}; CompositeTypes: {}; }, never, never, never>', gave the following error.
    Argument of type '"notifications"' is not assignable to parameter of type 'never'.
src/components/NotificationBell.tsx(117,19): error TS2353: Object literal may only specify known properties, and 'read_at' does not exist in type '{ amount_cents?: number; created_at?: string; currency?: string; id?: string; is_anonymous?: boolean; razorpay_payment_id?: string | null; user_id?: string | null; } | { content?: string | null; ... 7 more ...; user_id?: string | null; } | ... 18 more ... | { ...; }'.
src/components/NotificationPreferencesForm.tsx(50,15): error TS2769: No overload matches this call.
  Overload 1 of 2, '(relation: "donations" | "email_logs" | "users" | "endorsements" | "invoices" | "service_plans" | "user_subscriptions" | "migration_audit" | "numbering_state" | "payment_events" | ... 10 more ... | "user_profiles"): PostgrestQueryBuilder<...>', gave the following error.
    Argument of type '"notification_prefs"' is not assignable to parameter of type '"donations" | "email_logs" | "users" | "endorsements" | "invoices" | "service_plans" | "user_subscriptions" | "migration_audit" | "numbering_state" | "payment_events" | "payment_events_archive" | ... 9 more ... | "user_profiles"'.
  Overload 2 of 2, '(relation: never): PostgrestQueryBuilder<{ Tables: { donations: { Row: { amount_cents: number; created_at: string; currency: string; id: string; is_anonymous: boolean; razorpay_payment_id: string | null; user_id: string | null; }; Insert: { ...; }; Update: { ...; }; Relationships: []; }; ... 19 more ...; users: { ...; }; }; Views: {}; Functions: {}; Enums: {}; CompositeTypes: {}; }, never, never, never>', gave the following error.
    Argument of type '"notification_prefs"' is not assignable to parameter of type 'never'.
src/components/NotificationPreferencesForm.tsx(51,10): error TS2769: No overload matches this call.
  Overload 1 of 2, '(values: { amount_cents: number; created_at?: string; currency?: string; id?: string; is_anonymous?: boolean; razorpay_payment_id?: string | null; user_id?: string | null; } | { content?: string | null; ... 7 more ...; user_id?: string | null; } | ... 18 more ... | { ...; }, options?: { ...; } | undefined): PostgrestFilterBuilder<...>', gave the following error.
    Object literal may only specify known properties, and 'email_enabled' does not exist in type '{ amount_cents: number; created_at?: string; currency?: string; id?: string; is_anonymous?: boolean; razorpay_payment_id?: string | null; user_id?: string | null; } | { content?: string | null; ... 7 more ...; user_id?: string | null; } | ... 18 more ... | { ...; }'.
  Overload 2 of 2, '(values: ({ amount_cents: number; created_at?: string; currency?: string; id?: string; is_anonymous?: boolean; razorpay_payment_id?: string | null; user_id?: string | null; } | { content?: string | null; ... 7 more ...; user_id?: string | null; } | ... 18 more ... | { ...; })[], options?: { ...; } | undefined): PostgrestFilterBuilder<...>', gave the following error.
    Object literal may only specify known properties, and 'user_id' does not exist in type '({ amount_cents: number; created_at?: string; currency?: string; id?: string; is_anonymous?: boolean; razorpay_payment_id?: string | null; user_id?: string | null; } | { content?: string | null; ... 7 more ...; user_id?: string | null; } | ... 18 more ... | { ...; })[]'.
src/components/NotificationsPanel.tsx(37,15): error TS2769: No overload matches this call.
  Overload 1 of 2, '(relation: "donations" | "email_logs" | "users" | "endorsements" | "invoices" | "service_plans" | "user_subscriptions" | "migration_audit" | "numbering_state" | "payment_events" | ... 10 more ... | "user_profiles"): PostgrestQueryBuilder<...>', gave the following error.
    Argument of type '"notifications"' is not assignable to parameter of type '"donations" | "email_logs" | "users" | "endorsements" | "invoices" | "service_plans" | "user_subscriptions" | "migration_audit" | "numbering_state" | "payment_events" | "payment_events_archive" | ... 9 more ... | "user_profiles"'.
  Overload 2 of 2, '(relation: never): PostgrestQueryBuilder<{ Tables: { donations: { Row: { amount_cents: number; created_at: string; currency: string; id: string; is_anonymous: boolean; razorpay_payment_id: string | null; user_id: string | null; }; Insert: { ...; }; Update: { ...; }; Relationships: []; }; ... 19 more ...; users: { ...; }; }; Views: {}; Functions: {}; Enums: {}; CompositeTypes: {}; }, never, never, never>', gave the following error.
    Argument of type '"notifications"' is not assignable to parameter of type 'never'.
src/components/NotificationsPanel.tsx(57,15): error TS2769: No overload matches this call.
  Overload 1 of 2, '(relation: "donations" | "email_logs" | "users" | "endorsements" | "invoices" | "service_plans" | "user_subscriptions" | "migration_audit" | "numbering_state" | "payment_events" | ... 10 more ... | "user_profiles"): PostgrestQueryBuilder<...>', gave the following error.
    Argument of type '"notifications"' is not assignable to parameter of type '"donations" | "email_logs" | "users" | "endorsements" | "invoices" | "service_plans" | "user_subscriptions" | "migration_audit" | "numbering_state" | "payment_events" | "payment_events_archive" | ... 9 more ... | "user_profiles"'.
  Overload 2 of 2, '(relation: never): PostgrestQueryBuilder<{ Tables: { donations: { Row: { amount_cents: number; created_at: string; currency: string; id: string; is_anonymous: boolean; razorpay_payment_id: string | null; user_id: string | null; }; Insert: { ...; }; Update: { ...; }; Relationships: []; }; ... 19 more ...; users: { ...; }; }; Views: {}; Functions: {}; Enums: {}; CompositeTypes: {}; }, never, never, never>', gave the following error.
    Argument of type '"notifications"' is not assignable to parameter of type 'never'.
src/components/NotificationsPanel.tsx(58,19): error TS2353: Object literal may only specify known properties, and 'read_at' does not exist in type '{ amount_cents?: number; created_at?: string; currency?: string; id?: string; is_anonymous?: boolean; razorpay_payment_id?: string | null; user_id?: string | null; } | { content?: string | null; ... 7 more ...; user_id?: string | null; } | ... 18 more ... | { ...; }'.
src/components/NotificationsPanel.tsx(82,15): error TS2769: No overload matches this call.
  Overload 1 of 2, '(relation: "donations" | "email_logs" | "users" | "endorsements" | "invoices" | "service_plans" | "user_subscriptions" | "migration_audit" | "numbering_state" | "payment_events" | ... 10 more ... | "user_profiles"): PostgrestQueryBuilder<...>', gave the following error.
    Argument of type '"notifications"' is not assignable to parameter of type '"donations" | "email_logs" | "users" | "endorsements" | "invoices" | "service_plans" | "user_subscriptions" | "migration_audit" | "numbering_state" | "payment_events" | "payment_events_archive" | ... 9 more ... | "user_profiles"'.
  Overload 2 of 2, '(relation: never): PostgrestQueryBuilder<{ Tables: { donations: { Row: { amount_cents: number; created_at: string; currency: string; id: string; is_anonymous: boolean; razorpay_payment_id: string | null; user_id: string | null; }; Insert: { ...; }; Update: { ...; }; Relationships: []; }; ... 19 more ...; users: { ...; }; }; Views: {}; Functions: {}; Enums: {}; CompositeTypes: {}; }, never, never, never>', gave the following error.
    Argument of type '"notifications"' is not assignable to parameter of type 'never'.
src/components/NotificationsPanel.tsx(83,19): error TS2353: Object literal may only specify known properties, and 'read_at' does not exist in type '{ amount_cents?: number; created_at?: string; currency?: string; id?: string; is_anonymous?: boolean; razorpay_payment_id?: string | null; user_id?: string | null; } | { content?: string | null; ... 7 more ...; user_id?: string | null; } | ... 18 more ... | { ...; }'.
src/components/NotificationsPanel.tsx(100,15): error TS2769: No overload matches this call.
  Overload 1 of 2, '(relation: "donations" | "email_logs" | "users" | "endorsements" | "invoices" | "service_plans" | "user_subscriptions" | "migration_audit" | "numbering_state" | "payment_events" | ... 10 more ... | "user_profiles"): PostgrestQueryBuilder<...>', gave the following error.
    Argument of type '"notifications"' is not assignable to parameter of type '"donations" | "email_logs" | "users" | "endorsements" | "invoices" | "service_plans" | "user_subscriptions" | "migration_audit" | "numbering_state" | "payment_events" | "payment_events_archive" | ... 9 more ... | "user_profiles"'.
  Overload 2 of 2, '(relation: never): PostgrestQueryBuilder<{ Tables: { donations: { Row: { amount_cents: number; created_at: string; currency: string; id: string; is_anonymous: boolean; razorpay_payment_id: string | null; user_id: string | null; }; Insert: { ...; }; Update: { ...; }; Relationships: []; }; ... 19 more ...; users: { ...; }; }; Views: {}; Functions: {}; Enums: {}; CompositeTypes: {}; }, never, never, never>', gave the following error.
    Argument of type '"notifications"' is not assignable to parameter of type 'never'.
src/components/PerformanceInsights.tsx(9,41): error TS2339: Property 'comparativeMetrics' does not exist on type 'AnalyticsMetrics'.
src/components/PerformanceInsights.tsx(81,16): error TS18048: 'insights' is possibly 'undefined'.
src/components/PerformanceInsights.tsx(81,25): error TS2339: Property 'goals' does not exist on type '{ suggestions: any[]; lowViews: any[]; lowConversions: any[]; }'.
src/components/PerformanceInsights.tsx(81,47): error TS7006: Parameter 'goal' implicitly has an 'any' type.
src/components/PerformanceInsights.tsx(81,53): error TS7006: Parameter 'index' implicitly has an 'any' type.
src/components/PerformanceInsights.tsx(100,16): error TS18048: 'insights' is possibly 'undefined'.
src/components/PerformanceInsights.tsx(100,25): error TS2339: Property 'goals' does not exist on type '{ suggestions: any[]; lowViews: any[]; lowConversions: any[]; }'.
src/components/PerformanceInsights.tsx(100,47): error TS7006: Parameter 'goal' implicitly has an 'any' type.
src/components/PerformanceInsights.tsx(100,53): error TS7006: Parameter 'index' implicitly has an 'any' type.
src/components/PerformanceInsights.tsx(140,16): error TS18048: 'insights' is possibly 'undefined'.
src/components/PerformanceInsights.tsx(140,25): error TS2339: Property 'benchmarks' does not exist on type '{ suggestions: any[]; lowViews: any[]; lowConversions: any[]; }'.
src/components/PerformanceInsights.tsx(157,20): error TS18048: 'insights' is possibly 'undefined'.
src/components/PerformanceInsights.tsx(157,29): error TS2339: Property 'benchmarks' does not exist on type '{ suggestions: any[]; lowViews: any[]; lowConversions: any[]; }'.
src/components/PerformanceInsights.tsx(160,37): error TS18048: 'insights' is possibly 'undefined'.
src/components/PerformanceInsights.tsx(160,46): error TS2339: Property 'benchmarks' does not exist on type '{ suggestions: any[]; lowViews: any[]; lowConversions: any[]; }'.
src/components/PerformanceInsights.tsx(160,74): error TS18048: 'insights' is possibly 'undefined'.
src/components/PerformanceInsights.tsx(160,83): error TS2339: Property 'benchmarks' does not exist on type '{ suggestions: any[]; lowViews: any[]; lowConversions: any[]; }'.
src/components/PerformanceInsights.tsx(176,20): error TS18048: 'insights' is possibly 'undefined'.
src/components/PerformanceInsights.tsx(176,29): error TS2339: Property 'benchmarks' does not exist on type '{ suggestions: any[]; lowViews: any[]; lowConversions: any[]; }'.
src/components/PerformanceInsights.tsx(179,37): error TS18048: 'insights' is possibly 'undefined'.
src/components/PerformanceInsights.tsx(179,46): error TS2339: Property 'benchmarks' does not exist on type '{ suggestions: any[]; lowViews: any[]; lowConversions: any[]; }'.
src/components/PerformanceInsights.tsx(179,74): error TS18048: 'insights' is possibly 'undefined'.
src/components/PerformanceInsights.tsx(179,83): error TS2339: Property 'benchmarks' does not exist on type '{ suggestions: any[]; lowViews: any[]; lowConversions: any[]; }'.
src/components/PerformanceInsights.tsx(194,76): error TS18048: 'insights' is possibly 'undefined'.
src/components/PerformanceInsights.tsx(194,85): error TS2339: Property 'benchmarks' does not exist on type '{ suggestions: any[]; lowViews: any[]; lowConversions: any[]; }'.
src/components/PerformanceInsights.tsx(194,113): error TS18048: 'insights' is possibly 'undefined'.
src/components/PerformanceInsights.tsx(194,122): error TS2339: Property 'benchmarks' does not exist on type '{ suggestions: any[]; lowViews: any[]; lowConversions: any[]; }'.
src/components/PerformanceInsights.tsx(195,20): error TS18048: 'insights' is possibly 'undefined'.
src/components/PerformanceInsights.tsx(195,29): error TS2339: Property 'benchmarks' does not exist on type '{ suggestions: any[]; lowViews: any[]; lowConversions: any[]; }'.
src/components/PerformanceInsights.tsx(198,20): error TS18048: 'insights' is possibly 'undefined'.
src/components/PerformanceInsights.tsx(198,29): error TS2339: Property 'benchmarks' does not exist on type '{ suggestions: any[]; lowViews: any[]; lowConversions: any[]; }'.
src/components/PerformanceInsights.tsx(198,59): error TS18048: 'insights' is possibly 'undefined'.
src/components/PerformanceInsights.tsx(198,68): error TS2339: Property 'benchmarks' does not exist on type '{ suggestions: any[]; lowViews: any[]; lowConversions: any[]; }'.
src/components/PerformanceInsights.tsx(208,16): error TS18048: 'insights' is possibly 'undefined'.
src/components/PerformanceInsights.tsx(208,25): error TS2339: Property 'benchmarks' does not exist on type '{ suggestions: any[]; lowViews: any[]; lowConversions: any[]; }'.
src/components/PerformanceInsights.tsx(208,54): error TS18048: 'insights' is possibly 'undefined'.
src/components/PerformanceInsights.tsx(208,63): error TS2339: Property 'benchmarks' does not exist on type '{ suggestions: any[]; lowViews: any[]; lowConversions: any[]; }'.
src/components/PerformanceInsights.tsx(221,12): error TS18048: 'insights' is possibly 'undefined'.
src/components/PerformanceInsights.tsx(234,16): error TS18048: 'insights' is possibly 'undefined'.
src/components/PerformanceInsights.tsx(240,16): error TS18048: 'insights' is possibly 'undefined'.
src/components/PitchCard.tsx(26,5): error TS2339: Property 'location' does not exist on type 'PitchCardData'.
src/components/PitchCard.tsx(27,5): error TS2339: Property 'job_type' does not exist on type 'PitchCardData'.
src/components/PitchCard.tsx(28,5): error TS2339: Property 'availability' does not exist on type 'PitchCardData'.
src/components/PitchCard.tsx(29,5): error TS2339: Property 'likes_count' does not exist on type 'PitchCardData'.
src/components/PitchCard.tsx(34,29): error TS2339: Property 'role' does not exist on type '{ id: string; name: string | null; email: string; }'.
src/components/PitchCard.tsx(105,12): error TS2375: Type '{ pitchId: string; initialCount: any; userId: string | undefined; }' is not assignable to type 'LikeButtonProps' with 'exactOptionalPropertyTypes: true'. Consider adding 'undefined' to the types of the target's properties.
  Types of property 'userId' are incompatible.
    Type 'string | undefined' is not assignable to type 'string'.
      Type 'undefined' is not assignable to type 'string'.
src/components/RecruiterNotes.tsx(30,17): error TS2769: No overload matches this call.
  Overload 1 of 2, '(relation: "donations" | "email_logs" | "users" | "endorsements" | "invoices" | "service_plans" | "user_subscriptions" | "migration_audit" | "numbering_state" | "payment_events" | ... 10 more ... | "user_profiles"): PostgrestQueryBuilder<...>', gave the following error.
    Argument of type '"profiles"' is not assignable to parameter of type '"donations" | "email_logs" | "users" | "endorsements" | "invoices" | "service_plans" | "user_subscriptions" | "migration_audit" | "numbering_state" | "payment_events" | "payment_events_archive" | ... 9 more ... | "user_profiles"'.
  Overload 2 of 2, '(relation: never): PostgrestQueryBuilder<{ Tables: { donations: { Row: { amount_cents: number; created_at: string; currency: string; id: string; is_anonymous: boolean; razorpay_payment_id: string | null; user_id: string | null; }; Insert: { ...; }; Update: { ...; }; Relationships: []; }; ... 19 more ...; users: { ...; }; }; Views: {}; Functions: {}; Enums: {}; CompositeTypes: {}; }, never, never, never>', gave the following error.
    Argument of type '"profiles"' is not assignable to parameter of type 'never'.
src/components/RecruiterNotes.tsx(35,22): error TS2339: Property 'role' does not exist on type 'SelectQueryError<"column 'role' does not exist on 'donations'."> | SelectQueryError<"column 'role' does not exist on 'email_logs'."> | ... 18 more ... | SelectQueryError<...>'.
  Property 'role' does not exist on type 'SelectQueryError<"column 'role' does not exist on 'donations'.">'.
src/components/RecruiterNotes.tsx(72,10): error TS2769: No overload matches this call.
  Overload 1 of 2, '(values: { created_at?: string | null; id?: string; note_text: string; pitch_id: string; recruiter_user_id: string; updated_at?: string | null; }, options?: { onConflict?: string; ignoreDuplicates?: boolean; count?: "exact" | ... 1 more ... | "estimated"; } | undefined): PostgrestFilterBuilder<...>', gave the following error.
    Object literal may only specify known properties, and 'user_id' does not exist in type '{ created_at?: string | null; id?: string; note_text: string; pitch_id: string; recruiter_user_id: string; updated_at?: string | null; }'.
  Overload 2 of 2, '(values: { created_at?: string | null; id?: string; note_text: string; pitch_id: string; recruiter_user_id: string; updated_at?: string | null; }[], options?: { onConflict?: string; ignoreDuplicates?: boolean; count?: "exact" | ... 1 more ... | "estimated"; defaultToNull?: boolean; } | undefined): PostgrestFilterBuilder<...>', gave the following error.
    Object literal may only specify known properties, and 'pitch_id' does not exist in type '{ created_at?: string | null; id?: string; note_text: string; pitch_id: string; recruiter_user_id: string; updated_at?: string | null; }[]'.
src/components/RecruiterNotes.tsx(84,42): error TS2554: Expected 1 arguments, but got 2.
src/components/ReferModal.tsx(54,54): error TS2554: Expected 1 arguments, but got 2.
src/components/ReferModal.tsx(55,23): error TS2345: Argument of type '{ success: boolean; data: { created_at: string | null; id: string; pitch_id: string; share_link: string | null; supporter_user_id: string; updated_at: string | null; }; error?: never; } | { ...; }' is not assignable to parameter of type 'SetStateAction<string | null>'.
  Type '{ success: boolean; data: { created_at: string | null; id: string; pitch_id: string; share_link: string | null; supporter_user_id: string; updated_at: string | null; }; error?: never; }' is not assignable to type 'SetStateAction<string | null>'.
src/components/ReferModal.tsx(62,9): error TS2353: Object literal may only specify known properties, and 'user_agent' does not exist in type 'ReferralEventData'.
src/components/ReferModal.tsx(117,11): error TS2353: Object literal may only specify known properties, and 'user_agent' does not exist in type 'ReferralEventData'.
src/components/RefreshButton.tsx(21,38): error TS2554: Expected 1 arguments, but got 3.
src/components/RequestResumeButton.tsx(41,9): error TS2554: Expected 1 arguments, but got 4.
src/components/RequestResumeButton.tsx(47,48): error TS2554: Expected 1 arguments, but got 2.
src/lib/actions/likePitch.ts(19,9): error TS2353: Object literal may only specify known properties, and 'likes_count' does not exist in type '{ created_at?: string | null; experience_years?: number | null; id?: string; linkedin_url?: string | null; pitch_text?: string; resume_url?: string | null; skills?: string[] | null; title?: string; updated_at?: string | null; user_id?: string; }'.
src/lib/actions/likePitch.ts(19,41): error TS2345: Argument of type '"increment_likes_count"' is not assignable to parameter of type 'never'.
src/lib/actions/likePitch.ts(55,9): error TS2353: Object literal may only specify known properties, and 'likes_count' does not exist in type '{ created_at?: string | null; experience_years?: number | null; id?: string; linkedin_url?: string | null; pitch_text?: string; resume_url?: string | null; skills?: string[] | null; title?: string; updated_at?: string | null; user_id?: string; }'.
src/lib/actions/likePitch.ts(55,41): error TS2345: Argument of type '"decrement_likes_count"' is not assignable to parameter of type 'never'.
src/lib/actions/likePitch.ts(108,25): error TS2532: Object is possibly 'undefined'.
src/lib/actions/likePitch.ts(111,12): error TS18047: 'unlikeActivity' is possibly 'null'.
src/lib/actions/pitches.ts(175,25): error TS2339: Property 'status' does not exist on type 'string'.
src/lib/actions/pitches.ts(176,34): error TS2339: Property 'plan_expires_at' does not exist on type 'string'.
src/lib/activity.ts(74,5): error TS2322: Type '{ id: string; user_id: string; activity_type: string; activity_data: any; created_at: string | null; ip_address: any; user_agent: any; }[]' is not assignable to type 'ActivityLog[]'.
  Type '{ id: string; user_id: string; activity_type: string; activity_data: any; created_at: string | null; ip_address: any; user_agent: any; }' is not assignable to type 'ActivityLog'.
    Types of property 'created_at' are incompatible.
      Type 'string | null' is not assignable to type 'string'.
        Type 'null' is not assignable to type 'string'.
src/lib/activity.ts(78,27): error TS2339: Property 'activity_data' does not exist on type '{ activity_type: string; created_at: string | null; id: string; metadata: Json; user_id: string; }'.
src/lib/activity.ts(80,24): error TS2339: Property 'ip_address' does not exist on type '{ activity_type: string; created_at: string | null; id: string; metadata: Json; user_id: string; }'.
src/lib/activity.ts(81,24): error TS2339: Property 'user_agent' does not exist on type '{ activity_type: string; created_at: string | null; id: string; metadata: Json; user_id: string; }'.
src/lib/activity.ts(106,5): error TS2322: Type '{ id: string; user_id: string; activity_type: string; activity_data: any; created_at: string | null; ip_address: any; user_agent: any; }[]' is not assignable to type 'ActivityLog[]'.
  Type '{ id: string; user_id: string; activity_type: string; activity_data: any; created_at: string | null; ip_address: any; user_agent: any; }' is not assignable to type 'ActivityLog'.
    Types of property 'created_at' are incompatible.
      Type 'string | null' is not assignable to type 'string'.
        Type 'null' is not assignable to type 'string'.
src/lib/activity.ts(110,27): error TS2339: Property 'activity_data' does not exist on type '{ activity_type: string; created_at: string | null; id: string; metadata: Json; user_id: string; }'.
src/lib/activity.ts(112,24): error TS2339: Property 'ip_address' does not exist on type '{ activity_type: string; created_at: string | null; id: string; metadata: Json; user_id: string; }'.
src/lib/activity.ts(113,24): error TS2339: Property 'user_agent' does not exist on type '{ activity_type: string; created_at: string | null; id: string; metadata: Json; user_id: string; }'.
src/lib/billing/numbering.ts(35,36): error TS2339: Property 'suffix' does not exist on type '{ created_at: string | null; current_number: number; id: string; prefix: string; type: string; updated_at: string | null; }'.
src/lib/billing/numbering.ts(77,36): error TS2339: Property 'suffix' does not exist on type '{ created_at: string | null; current_number: number; id: string; prefix: string; type: string; updated_at: string | null; }'.
src/lib/billing/numbering.ts(106,9): error TS2769: No overload matches this call.
  Overload 1 of 2, '(values: { created_at?: string | null; current_number: number; id?: string; prefix: string; type: string; updated_at?: string | null; }, options?: { count?: "exact" | "planned" | "estimated"; } | undefined): PostgrestFilterBuilder<...>', gave the following error.
    Object literal may only specify known properties, and 'entity_type' does not exist in type '{ created_at?: string | null; current_number: number; id?: string; prefix: string; type: string; updated_at?: string | null; }'.
  Overload 2 of 2, '(values: { created_at?: string | null; current_number: number; id?: string; prefix: string; type: string; updated_at?: string | null; }[], options?: { count?: "exact" | "planned" | "estimated"; defaultToNull?: boolean; } | undefined): PostgrestFilterBuilder<...>', gave the following error.
    Object literal may only specify known properties, and 'entity_type' does not exist in type '{ created_at?: string | null; current_number: number; id?: string; prefix: string; type: string; updated_at?: string | null; }[]'.
src/lib/billing/receipts.ts(62,5): error TS2739: Type '{ amount_cents: number; created_at: string | null; currency: string | null; id: string; metadata: Json; receipt_number: string; status: string | null; updated_at: string | null; user_id: string; }' is missing the following properties from type 'ReceiptData': payment_date, payment_method, donor_name, is_anonymous
src/lib/billing/receipts.ts(84,5): error TS2739: Type '{ amount_cents: number; created_at: string | null; currency: string | null; id: string; metadata: Json; receipt_number: string; status: string | null; updated_at: string | null; user_id: string; }' is missing the following properties from type 'ReceiptData': payment_date, payment_method, donor_name, is_anonymous
src/lib/billing/receipts.ts(106,5): error TS2739: Type '{ amount_cents: number; created_at: string | null; currency: string | null; id: string; metadata: Json; receipt_number: string; status: string | null; updated_at: string | null; user_id: string; }' is missing the following properties from type 'ReceiptData': payment_date, payment_method, donor_name, is_anonymous
src/lib/billing/receipts.ts(128,5): error TS2322: Type '{ amount_cents: number; created_at: string | null; currency: string | null; id: string; metadata: Json; receipt_number: string; status: string | null; updated_at: string | null; user_id: string; }[]' is not assignable to type 'ReceiptData[]'.
  Type '{ amount_cents: number; created_at: string | null; currency: string | null; id: string; metadata: Json; receipt_number: string; status: string | null; updated_at: string | null; user_id: string; }' is missing the following properties from type 'ReceiptData': payment_date, payment_method, donor_name, is_anonymous
src/lib/billing/receipts.ts(151,5): error TS2739: Type '{ amount_cents: number; created_at: string | null; currency: string | null; id: string; metadata: Json; receipt_number: string; status: string | null; updated_at: string | null; user_id: string; }' is missing the following properties from type 'ReceiptData': payment_date, payment_method, donor_name, is_anonymous
src/lib/mappers/pitches.ts(44,43): error TS2769: No overload matches this call.
  Overload 1 of 4, '(value: string | number | Date): Date', gave the following error.
    Argument of type 'string | null' is not assignable to parameter of type 'string | number | Date'.
      Type 'null' is not assignable to type 'string | number | Date'.
  Overload 2 of 4, '(value: string | number): Date', gave the following error.
    Argument of type 'string | null' is not assignable to parameter of type 'string | number'.
      Type 'null' is not assignable to type 'string | number'.
src/lib/metrics-cache.ts(25,27): error TS2551: Property 'value' does not exist on type 'string | number | boolean | { [key: string]: Json | undefined; } | Json[]'. Did you mean 'valueOf'?
  Property 'value' does not exist on type 'string'.
src/lib/metrics.ts(112,27): error TS2769: No overload matches this call.
  Overload 1 of 2, '(relation: "donations" | "email_logs" | "users" | "endorsements" | "invoices" | "service_plans" | "user_subscriptions" | "migration_audit" | "numbering_state" | "payment_events" | ... 10 more ... | "user_profiles"): PostgrestQueryBuilder<...>', gave the following error.
    Argument of type '"recruiter_saved_filters"' is not assignable to parameter of type '"donations" | "email_logs" | "users" | "endorsements" | "invoices" | "service_plans" | "user_subscriptions" | "migration_audit" | "numbering_state" | "payment_events" | "payment_events_archive" | ... 9 more ... | "user_profiles"'.
  Overload 2 of 2, '(relation: never): PostgrestQueryBuilder<{ Tables: { donations: { Row: { amount_cents: number; created_at: string; currency: string; id: string; is_anonymous: boolean; razorpay_payment_id: string | null; user_id: string | null; }; Insert: { ...; }; Update: { ...; }; Relationships: []; }; ... 19 more ...; users: { ...; }; }; Views: {}; Functions: {}; Enums: {}; CompositeTypes: {}; }, never, never, never>', gave the following error.
    Argument of type '"recruiter_saved_filters"' is not assignable to parameter of type 'never'.
src/lib/notifications.ts(97,5): error TS2322: Type '{ id: string; user_id: string; type: any; title: any; message: any; metadata: Json; created_at: string; }[]' is not assignable to type 'Notification[]'.
  Type '{ id: string; user_id: string; type: any; title: any; message: any; metadata: Json; created_at: string; }' is not assignable to type 'Notification'.
    Types of property 'metadata' are incompatible.
      Type 'Json' is not assignable to type 'Record<string, any>'.
        Type 'null' is not assignable to type 'Record<string, any>'.
src/lib/notifications.ts(100,29): error TS2339: Property 'notification_type' does not exist on type 'string | number | boolean | { [key: string]: Json | undefined; } | Json[]'.
  Property 'notification_type' does not exist on type 'string'.
src/lib/notifications.ts(101,30): error TS2339: Property 'title' does not exist on type 'string | number | boolean | { [key: string]: Json | undefined; } | Json[]'.
  Property 'title' does not exist on type 'string'.
src/lib/notifications.ts(102,32): error TS2339: Property 'message' does not exist on type 'string | number | boolean | { [key: string]: Json | undefined; } | Json[]'.
  Property 'message' does not exist on type 'string'.
src/lib/referralEvents.ts(63,5): error TS2322: Type '{ created_at: string | null; event_type: string; id: string; metadata: Json; platform: string | null; referral_id: string; }[]' is not assignable to type 'ReferralEvent[]'.
  Type '{ created_at: string | null; event_type: string; id: string; metadata: Json; platform: string | null; referral_id: string; }' is not assignable to type 'ReferralEvent'.
    Types of property 'platform' are incompatible.
      Type 'string | null' is not assignable to type 'string'.
        Type 'null' is not assignable to type 'string'.
src/lib/referrals.ts(63,8): error TS2769: No overload matches this call.
  Overload 1 of 2, '(values: { created_at?: string | null; event_type: string; id?: string; metadata?: Json; platform?: string | null; referral_id: string; }, options?: { count?: "exact" | "planned" | "estimated"; } | undefined): PostgrestFilterBuilder<...>', gave the following error.
    Argument of type '{ referral_id: string; event_type: string; platform: string | undefined; metadata: any; }' is not assignable to parameter of type '{ created_at?: string | null; event_type: string; id?: string; metadata?: Json; platform?: string | null; referral_id: string; }' with 'exactOptionalPropertyTypes: true'. Consider adding 'undefined' to the types of the target's properties.
      Types of property 'platform' are incompatible.
        Type 'string | undefined' is not assignable to type 'string | null'.
          Type 'undefined' is not assignable to type 'string | null'.
  Overload 2 of 2, '(values: { created_at?: string | null; event_type: string; id?: string; metadata?: Json; platform?: string | null; referral_id: string; }[], options?: { count?: "exact" | "planned" | "estimated"; defaultToNull?: boolean; } | undefined): PostgrestFilterBuilder<...>', gave the following error.
    Object literal may only specify known properties, and 'referral_id' does not exist in type '{ created_at?: string | null; event_type: string; id?: string; metadata?: Json; platform?: string | null; referral_id: string; }[]'.
src/lib/referrals.ts(180,7): error TS2322: Type 'string | null' is not assignable to type 'string'.
  Type 'null' is not assignable to type 'string'.
src/lib/search.ts(51,27): error TS2339: Property 'status' does not exist on type 'string'.
src/lib/search.ts(52,36): error TS2339: Property 'plan_expires_at' does not exist on type 'string'.
